[    0.000000] Initializing cgroup subsys cpuset
[    0.000000] Initializing cgroup subsys cpu
[    0.000000] Initializing cgroup subsys cpuacct
[    0.000000] Linux version 4.4.0-176-generic (buildd@lgw01-amd64-036) (gcc version 5.4.0 20160609 (Ubuntu 5.4.0-6ubuntu1~16.04.12) ) #206-Ubuntu SMP Fri Feb 28 05:00:50 UTC 2020 (Ubuntu 4.4.0-176.206-generic 4.4.211)
[    0.000000] KERNEL supported cpus:
[    0.000000]   Intel GenuineIntel
[    0.000000]   AMD AuthenticAMD
[    0.000000]   NSC Geode by NSC
[    0.000000]   Cyrix CyrixInstead
[    0.000000]   Centaur CentaurHauls
[    0.000000]   Transmeta GenuineTMx86
[    0.000000]   Transmeta TransmetaCPU
[    0.000000]   UMC UMC UMC UMC
[    0.000000] x86/fpu: xstate_offset[2]:  576, xstate_sizes[2]:  256
[    0.000000] x86/fpu: Supporting XSAVE feature 0x01: 'x87 floating point registers'
[    0.000000] x86/fpu: Supporting XSAVE feature 0x02: 'SSE registers'
[    0.000000] x86/fpu: Supporting XSAVE feature 0x04: 'AVX registers'
[    0.000000] x86/fpu: Enabled xstate features 0x7, context size is 832 bytes, using 'standard' format.
[    0.000000] e820: BIOS-provided physical RAM map:
[    0.000000] BIOS-e820: [mem 0x0000000000000000-0x000000000009fbff] usable
[    0.000000] BIOS-e820: [mem 0x000000000009fc00-0x000000000009ffff] reserved
[    0.000000] BIOS-e820: [mem 0x00000000000f0000-0x00000000000fffff] reserved
[    0.000000] BIOS-e820: [mem 0x0000000000100000-0x000000003ffeffff] usable
[    0.000000] BIOS-e820: [mem 0x000000003fff0000-0x000000003fffffff] ACPI data
[    0.000000] BIOS-e820: [mem 0x00000000fec00000-0x00000000fec00fff] reserved
[    0.000000] BIOS-e820: [mem 0x00000000fee00000-0x00000000fee00fff] reserved
[    0.000000] BIOS-e820: [mem 0x00000000fffc0000-0x00000000ffffffff] reserved
[    0.000000] NX (Execute Disable) protection: active
[    0.000000] SMBIOS 2.5 present.
[    0.000000] Hypervisor detected: KVM
[    0.000000] e820: last_pfn = 0x3fff0 max_arch_pfn = 0x1000000
[    0.000000] MTRR: Disabled
[    0.000000] x86/PAT: MTRRs disabled, skipping PAT initialization too.
[    0.000000] CPU MTRRs all blank - virtualized system.
[    0.000000] x86/PAT: Configuration [0-7]: WB  WT  UC- UC  WB  WT  UC- UC  
[    0.000000] found SMP MP-table at [mem 0x0009fff0-0x0009ffff] mapped at [c009fff0]
[    0.000000] Scanning 1 areas for low memory corruption
[    0.000000] RAMDISK: [mem 0x363a8000-0x371cbfff]
[    0.000000] ACPI: Early table checksum verification disabled
[    0.000000] ACPI: RSDP 0x00000000000E0000 000024 (v02 VBOX  )
[    0.000000] ACPI: XSDT 0x000000003FFF0030 00003C (v01 VBOX   VBOXXSDT 00000001 ASL  00000061)
[    0.000000] ACPI: FACP 0x000000003FFF00F0 0000F4 (v04 VBOX   VBOXFACP 00000001 ASL  00000061)
[    0.000000] ACPI: DSDT 0x000000003FFF0470 002325 (v02 VBOX   VBOXBIOS 00000002 INTL 20200214)
[    0.000000] ACPI: FACS 0x000000003FFF0200 000040
[    0.000000] ACPI: FACS 0x000000003FFF0200 000040
[    0.000000] ACPI: APIC 0x000000003FFF0240 00005C (v02 VBOX   VBOXAPIC 00000001 ASL  00000061)
[    0.000000] ACPI: SSDT 0x000000003FFF02A0 0001CC (v01 VBOX   VBOXCPUT 00000002 INTL 20200214)
[    0.000000] 131MB HIGHMEM available.
[    0.000000] 891MB LOWMEM available.
[    0.000000]   mapped low ram: 0 - 37bfe000
[    0.000000]   low ram: 0 - 37bfe000
[    0.000000] kvm-clock: Using msrs 4b564d01 and 4b564d00
[    0.000000] kvm-clock: cpu 0, msr 0:37bfd001, primary cpu clock
[    0.000000] kvm-clock: using sched offset of 3194087228 cycles
[    0.000000] clocksource: kvm-clock: mask: 0xffffffffffffffff max_cycles: 0x1cd42e4dffb, max_idle_ns: 881590591483 ns
[    0.000000] Zone ranges:
[    0.000000]   DMA      [mem 0x0000000000001000-0x0000000000ffffff]
[    0.000000]   Normal   [mem 0x0000000001000000-0x0000000037bfdfff]
[    0.000000]   HighMem  [mem 0x0000000037bfe000-0x000000003ffeffff]
[    0.000000] Movable zone start for each node
[    0.000000] Early memory node ranges
[    0.000000]   node   0: [mem 0x0000000000001000-0x000000000009efff]
[    0.000000]   node   0: [mem 0x0000000000100000-0x000000003ffeffff]
[    0.000000] Initmem setup node 0 [mem 0x0000000000001000-0x000000003ffeffff]
[    0.000000] Using APIC driver default
[    0.000000] ACPI: PM-Timer IO Port: 0x4008
[    0.000000] IOAPIC[0]: apic_id 2, version 32, address 0xfec00000, GSI 0-23
[    0.000000] ACPI: INT_SRC_OVR (bus 0 bus_irq 0 global_irq 2 dfl dfl)
[    0.000000] ACPI: INT_SRC_OVR (bus 0 bus_irq 9 global_irq 9 low level)
[    0.000000] Using ACPI (MADT) for SMP configuration information
[    0.000000] smpboot: Allowing 2 CPUs, 0 hotplug CPUs
[    0.000000] PM: Registered nosave memory: [mem 0x00000000-0x00000fff]
[    0.000000] PM: Registered nosave memory: [mem 0x0009f000-0x0009ffff]
[    0.000000] PM: Registered nosave memory: [mem 0x000a0000-0x000effff]
[    0.000000] PM: Registered nosave memory: [mem 0x000f0000-0x000fffff]
[    0.000000] e820: [mem 0x40000000-0xfebfffff] available for PCI devices
[    0.000000] Booting paravirtualized kernel on KVM
[    0.000000] clocksource: refined-jiffies: mask: 0xffffffff max_cycles: 0xffffffff, max_idle_ns: 7645519600211568 ns
[    0.000000] setup_percpu: NR_CPUS:8 nr_cpumask_bits:8 nr_cpu_ids:2 nr_node_ids:1
[    0.000000] PERCPU: Embedded 18 pages/cpu @f6384000 s43276 r0 d30452 u73728
[    0.000000] Built 1 zonelists in Zone order, mobility grouping on.  Total pages: 259800
[    0.000000] Kernel command line: BOOT_IMAGE=/boot/vmlinuz-4.4.0-176-generic root=LABEL=cloudimg-rootfs ro console=tty1 console=ttyS0
[    0.000000] PID hash table entries: 4096 (order: 2, 16384 bytes)
[    0.000000] Dentry cache hash table entries: 131072 (order: 7, 524288 bytes)
[    0.000000] Inode-cache hash table entries: 65536 (order: 6, 262144 bytes)
[    0.000000] Initializing CPU#0
[    0.000000] Initializing HighMem for node 0 (00037bfe:0003fff0)
[    0.000000] Initializing Movable for node 0 (00000000:00000000)
[    0.000000] Memory: 1008236K/1048120K available (8137K kernel code, 790K rwdata, 3208K rodata, 936K init, 788K bss, 39884K reserved, 0K cma-reserved, 135112K highmem)
[    0.000000] virtual kernel memory layout:
[    0.000000]     fixmap  : 0xfff15000 - 0xfffff000   ( 936 kB)
[    0.000000]     pkmap   : 0xffc00000 - 0xffe00000   (2048 kB)
[    0.000000]     vmalloc : 0xf83fe000 - 0xffbfe000   ( 120 MB)
[    0.000000]     lowmem  : 0xc0000000 - 0xf7bfe000   ( 891 MB)
[    0.000000]       .init : 0xc1bdd000 - 0xc1cc7000   ( 936 kB)
[    0.000000]       .data : 0xc17f2a48 - 0xc1bdb980   (4003 kB)
[    0.000000]       .text : 0xc1000000 - 0xc17f2a48   (8138 kB)
[    0.000000] Checking if this processor honours the WP bit even in supervisor mode...Ok.
[    0.000000] SLUB: HWalign=64, Order=0-3, MinObjects=0, CPUs=2, Nodes=1
[    0.000000] Hierarchical RCU implementation.
[    0.000000] 	Build-time adjustment of leaf fanout to 32.
[    0.000000] 	RCU restricting CPUs from NR_CPUS=8 to nr_cpu_ids=2.
[    0.000000] RCU: Adjusting geometry for rcu_fanout_leaf=32, nr_cpu_ids=2
[    0.000000] NR_IRQS:2304 nr_irqs:440 16
[    0.000000] Console: colour VGA+ 80x25
[    0.000000] console [tty1] enabled
[    0.000000] console [ttyS0] enabled
[    0.000000] allocated 1048576 bytes of page_ext
[    0.000000] tsc: Detected 2711.998 MHz processor
[    0.136279] Calibrating delay loop (skipped) preset value.. 5423.99 BogoMIPS (lpj=10847992)
[    0.137607] pid_max: default: 32768 minimum: 301
[    0.138352] ACPI: Core revision 20150930
[    0.139906] ACPI: 2 ACPI AML tables successfully acquired and loaded
[    0.140989] Security Framework initialized
[    0.141625] Yama: becoming mindful.
[    0.142207] AppArmor: AppArmor initialized
[    0.142862] Mount-cache hash table entries: 2048 (order: 1, 8192 bytes)
[    0.143795] Mountpoint-cache hash table entries: 2048 (order: 1, 8192 bytes)
[    0.144923] Initializing cgroup subsys io
[    0.145546] Initializing cgroup subsys memory
[    0.146201] Initializing cgroup subsys devices
[    0.146898] Initializing cgroup subsys freezer
[    0.147568] Initializing cgroup subsys net_cls
[    0.148236] Initializing cgroup subsys perf_event
[    0.148989] Initializing cgroup subsys net_prio
[    0.149672] Initializing cgroup subsys hugetlb
[    0.150371] Initializing cgroup subsys pids
[    0.154438] mce: CPU supports 0 MCE banks
[    0.156382] Last level iTLB entries: 4KB 64, 2MB 8, 4MB 8
[    0.164366] Last level dTLB entries: 4KB 64, 2MB 0, 4MB 0, 1GB 4
[    0.165461] Spectre V1 : Mitigation: usercopy/swapgs barriers and __user pointer sanitization
[    0.167055] Spectre V2 : Mitigation: Full generic retpoline
[    0.168208] Spectre V2 : Spectre v2 / SpectreRSB mitigation: Filling RSB on context switch
[    0.169733] Speculative Store Bypass: Vulnerable
[    0.170738] MDS: Mitigation: Clear CPU buffers
[    0.175414] Freeing SMP alternatives memory: 36K
[    0.184005] ftrace: allocating 31590 entries in 62 pages
[    0.248444] smpboot: APIC(0) Converting physical 0 to logical package 0
[    0.249832] smpboot: Max logical packages: 1
[    0.250846] Enabling APIC mode:  Flat.  Using 1 I/O APICs
[    0.253078] ..TIMER: vector=0x30 apic1=0 pin1=2 apic2=-1 pin2=-1
[    0.362349] smpboot: CPU0: Intel(R) Core(TM) i5-7200U CPU @ 2.50GHz (family: 0x6, model: 0x8e, stepping: 0x9)
[    0.364469] Performance Events: unsupported p6 CPU model 142 no PMU driver, software events only.
[    0.374815] KVM setup paravirtual spinlock
[    0.376380] x86: Booting SMP configuration:
[    0.377168] .... node  #0, CPUs:      #1
[1266874886.515464] Initializing CPU#1
[    0.378352] kvm-clock: cpu 1, msr 0:37bfd041, secondary cpu clock
[    0.382581] mce: CPU supports 0 MCE banks
[    0.385191] x86: Booted up 1 node, 2 CPUs
[    0.386052] smpboot: Total of 2 processors activated (10847.99 BogoMIPS)
[    0.387443] devtmpfs: initialized
[    0.388235] evm: security.selinux
[    0.388796] evm: security.SMACK64
[    0.389347] evm: security.SMACK64EXEC
[    0.390042] evm: security.SMACK64TRANSMUTE
[    0.390696] evm: security.SMACK64MMAP
[    0.391334] evm: security.ima
[    0.391861] evm: security.capability
[    0.392713] clocksource: jiffies: mask: 0xffffffff max_cycles: 0xffffffff, max_idle_ns: 7645041785100000 ns
[    0.394202] futex hash table entries: 512 (order: 3, 32768 bytes)
[    0.395296] pinctrl core: initialized pinctrl subsystem
[    0.396197] RTC time: 13:47:23, date: 04/06/20
[    0.397095] NET: Registered protocol family 16
[    0.397967] EISA bus registered
[    0.411825] cpuidle: using governor ladder
[    0.422513] cpuidle: using governor menu
[    0.423436] PCCT header not found.
[    0.424264] ACPI: bus type PCI registered
[    0.425069] acpiphp: ACPI Hot Plug PCI Controller Driver version: 0.5
[    0.426545] PCI : PCI BIOS area is rw and x. Use pci=nobios if you want it NX.
[    0.428047] PCI: PCI BIOS revision 2.10 entry at 0xfda26, last bus=0
[    0.429690] PCI: Using configuration type 1 for base access
[    0.443415] ACPI: Added _OSI(Module Device)
[    0.444414] ACPI: Added _OSI(Processor Device)
[    0.445370] ACPI: Added _OSI(3.0 _SCP Extensions)
[    0.446378] ACPI: Added _OSI(Processor Aggregator Device)
[    0.448397] ACPI: Executed 1 blocks of module-level executable AML code
[    0.452380] ACPI: Interpreter enabled
[    0.453401] ACPI: (supports S0 S5)
[    0.454220] ACPI: Using IOAPIC for interrupt routing
[    0.455513] PCI: Using host bridge windows from ACPI; if necessary, use "pci=nocrs" and report a bug
[    0.469391] ACPI: PCI Root Bridge [PCI0] (domain 0000 [bus 00-ff])
[    0.470702] acpi PNP0A03:00: _OSC: OS supports [ASPM ClockPM Segments MSI]
[    0.472434] acpi PNP0A03:00: _OSC: not requesting OS control; OS requires [ExtendedConfig ASPM ClockPM MSI]
[    0.474459] acpi PNP0A03:00: fail to add MMCONFIG information, can't access extended PCI configuration space under this bridge.
[    0.477087] PCI host bridge to bus 0000:00
[    0.477996] pci_bus 0000:00: root bus resource [io  0x0000-0x0cf7 window]
[    0.479305] pci_bus 0000:00: root bus resource [io  0x0d00-0xffff window]
[    0.480636] pci_bus 0000:00: root bus resource [mem 0x000a0000-0x000bffff window]
[    0.482285] pci_bus 0000:00: root bus resource [mem 0x40000000-0xfdffffff window]
[    0.483965] pci_bus 0000:00: root bus resource [bus 00-ff]
[    0.486890] pci 0000:00:01.1: legacy IDE quirk: reg 0x10: [io  0x01f0-0x01f7]
[    0.488344] pci 0000:00:01.1: legacy IDE quirk: reg 0x14: [io  0x03f6]
[    0.489624] pci 0000:00:01.1: legacy IDE quirk: reg 0x18: [io  0x0170-0x0177]
[    0.491047] pci 0000:00:01.1: legacy IDE quirk: reg 0x1c: [io  0x0376]
[    0.508204] pci 0000:00:07.0: quirk: [io  0x4000-0x403f] claimed by PIIX4 ACPI
[    0.509510] pci 0000:00:07.0: quirk: [io  0x4100-0x410f] claimed by PIIX4 SMB
[    0.516101] ACPI: PCI Interrupt Link [LNKA] (IRQs 5 9 10 *11)
[    0.517654] ACPI: PCI Interrupt Link [LNKB] (IRQs 5 9 *10 11)
[    0.519272] ACPI: PCI Interrupt Link [LNKC] (IRQs 5 *9 10 11)
[    0.520909] ACPI: PCI Interrupt Link [LNKD] (IRQs 5 9 10 *11)
[    0.522271] ACPI: Enabled 2 GPEs in block 00 to 07
[    0.523493] vgaarb: setting as boot device: PCI:0000:00:02.0
[    0.524547] vgaarb: device added: PCI:0000:00:02.0,decodes=io+mem,owns=io+mem,locks=none
[    0.526123] vgaarb: loaded
[    0.526842] vgaarb: bridge control possible 0000:00:02.0
[    0.528552] SCSI subsystem initialized
[    0.529416] ACPI: bus type USB registered
[    0.530321] usbcore: registered new interface driver usbfs
[    0.531382] usbcore: registered new interface driver hub
[    0.532470] usbcore: registered new device driver usb
[    0.534280] PCI: Using ACPI for IRQ routing
[    0.535444] NetLabel: Initializing
[    0.536152] NetLabel:  domain hash size = 128
[    0.536923] NetLabel:  protocols = UNLABELED CIPSOv4
[    0.537719] NetLabel:  unlabeled traffic allowed by default
[    0.538737] amd_nb: Cannot enumerate AMD northbridges
[    0.539526] clocksource: Switched to clocksource kvm-clock
[    0.547829] AppArmor: AppArmor Filesystem Enabled
[    0.548705] pnp: PnP ACPI init
[    0.549907] pnp: PnP ACPI: found 3 devices
[    0.551499] PnPBIOS: Disabled by ACPI PNP
[    0.593368] clocksource: acpi_pm: mask: 0xffffff max_cycles: 0xffffff, max_idle_ns: 2085701024 ns
[    0.594833] NET: Registered protocol family 2
[    0.595723] TCP established hash table entries: 8192 (order: 3, 32768 bytes)
[    0.596730] TCP bind hash table entries: 8192 (order: 4, 65536 bytes)
[    0.597630] TCP: Hash tables configured (established 8192 bind 8192)
[    0.598584] UDP hash table entries: 512 (order: 2, 16384 bytes)
[    0.599404] UDP-Lite hash table entries: 512 (order: 2, 16384 bytes)
[    0.600406] NET: Registered protocol family 1
[    0.601077] pci 0000:00:00.0: Limiting direct PCI/PCI transfers
[    0.601928] pci 0000:00:01.0: Activating ISA DMA hang workarounds
[    0.602924] Unpacking initramfs...
[    0.835771] Freeing initrd memory: 14480K
[    0.836945] clocksource: tsc: mask: 0xffffffffffffffff max_cycles: 0x27178451938, max_idle_ns: 440795251172 ns
[    0.838881] platform rtc_cmos: registered platform RTC device (no PNP device found)
[    0.840515] Scanning for low memory corruption every 60 seconds
[    0.842015] audit: initializing netlink subsys (disabled)
[    0.843075] audit: type=2000 audit(1586180848.514:1): initialized
[    0.844543] Initialise system trusted keyring
[    0.845644] HugeTLB registered 2 MB page size, pre-allocated 0 pages
[    0.848078] zbud: loaded
[    0.848900] VFS: Disk quotas dquot_6.6.0
[    0.849718] VFS: Dquot-cache hash table entries: 1024 (order 0, 4096 bytes)
[    0.851252] squashfs: version 4.0 (2009/01/31) Phillip Lougher
[    0.852577] fuse init (API version 7.23)
[    0.853586] Key type big_key registered
[    0.854489] Allocating IMA MOK and blacklist keyrings.
[    0.856879] Key type asymmetric registered
[    0.857812] Asymmetric key parser 'x509' registered
[    0.858862] bounce: pool size: 64 pages
[    0.859787] Block layer SCSI generic (bsg) driver version 0.4 loaded (major 249)
[    0.861648] io scheduler noop registered
[    0.862542] io scheduler deadline registered (default)
[    0.863715] io scheduler cfq registered
[    0.864784] pci_hotplug: PCI Hot Plug PCI Core version: 0.5
[    0.865934] pciehp: PCI Express Hot Plug Controller Driver version: 0.4
[    0.867419] ACPI: AC Adapter [AC] (on-line)
[    0.868489] input: Power Button as /devices/LNXSYSTM:00/LNXPWRBN:00/input/input0
[    0.870161] ACPI: Power Button [PWRF]
[    0.871085] input: Sleep Button as /devices/LNXSYSTM:00/LNXSLPBN:00/input/input1
[    0.872756] ACPI: Sleep Button [SLPF]
[    0.873888] GHES: HEST is not enabled!
[    0.874903] isapnp: Scanning for PnP cards...
[    0.875590] ACPI: Battery Slot [BAT0] (battery present)
[    0.875647] Serial: 8250/16550 driver, 32 ports, IRQ sharing enabled
[    0.89643] 00:02: ttyS0 at I/O 0x3f8 (irq = 4, base_baud = 115200) is a 16550A
[    0.899066] Linux agpgart interface v0.103
[    0.905259] loop: module loaded
[    0.906931] scsi host0: ata_piix
[    0.911616] scsi host1: ata_piix
[    0.912451] ata1: PATA max UDMA/33 cmd 0x1f0 ctl 0x3f6 bmdma 0xd000 irq 14
[    0.913545] ata2: PATA max UDMA/33 cmd 0x170 ctl 0x376 bmdma 0xd008 irq 15
[    0.914903] libphy: Fixed MDIO Bus: probed
[    0.915663] tun: Universal TUN/TAP device driver, 1.6
[    0.916618] tun: (C) 1999-2004 Max Krasnyansky <maxk@qualcomm.com>
[    0.917738] PPP generic driver version 2.4.2
[    0.918558] ehci_hcd: USB 2.0 'Enhanced' Host Controller (EHCI) Driver
[    0.919651] ehci-pci: EHCI PCI platform driver
[    0.920477] ehci-platform: EHCI generic platform driver
[    0.921342] ohci_hcd: USB 1.1 'Open' Host Controller (OHCI) Driver
[    0.922303] ohci-pci: OHCI PCI platform driver
[    0.923078] ohci-platform: OHCI generic platform driver
[    0.924023] uhci_hcd: USB Universal Host Controller Interface driver
[    0.925120] i8042: PNP: PS/2 Controller [PNP0303:PS2K,PNP0f03:PS2M] at 0x60,0x64 irq 1,12
[    0.927024] serio: i8042 KBD port at 0x60,0x64 irq 1
[    0.927933] serio: i8042 AUX port at 0x60,0x64 irq 12
[    0.928899] mousedev: PS/2 mouse device common for all mice
[    0.930107] input: AT Translated Set 2 keyboard as /devices/platform/i8042/serio0/input/input2
[    0.931934] rtc_cmos rtc_cmos: rtc core: registered rtc_cmos as rtc0
[    0.932988] rtc_cmos rtc_cmos: alarms up to one day, 114 bytes nvram
[    0.934061] i2c /dev entries driver
[    0.934778] device-mapper: uevent: version 1.0.3
[    0.935659] device-mapper: ioctl: 4.34.0-ioctl (2015-10-28) initialised: dm-devel@redhat.com
[    0.937300] platform eisa.0: Probing EISA bus 0
[    0.938064] platform eisa.0: EISA: Cannot allocate resource for mainboard
[    0.939150] platform eisa.0: Cannot allocate resource for EISA slot 1
[    0.940281] platform eisa.0: Cannot allocate resource for EISA slot 2
[    0.941281] platform eisa.0: Cannot allocate resource for EISA slot 3
[    0.942312] platform eisa.0: Cannot allocate resource for EISA slot 4
[    0.943294] platform eisa.0: Cannot allocate resource for EISA slot 5
[    0.944345] platform eisa.0: Cannot allocate resource for EISA slot 6
[    0.945435] platform eisa.0: Cannot allocate resource for EISA slot 7
[    0.946445] platform eisa.0: Cannot allocate resource for EISA slot 8
[    0.947484] platform eisa.0: EISA: Detected 0 cards
[    0.948367] cpufreq-nforce2: No nForce2 chipset.
[    0.949177] ledtrig-cpu: registered to indicate activity on CPUs
[    0.950432] NET: Registered protocol family 10
[    0.951420] NET: Registered protocol family 17
[    0.952474] Key type dns_resolver registered
[    0.953424] Using IPI No-Shortcut mode
[    0.954238] registered taskstats version 1
[    0.954969] Loading compiled-in X.509 certificates
[    0.957923] Loaded X.509 cert 'Build time autogenerated kernel key: 18e6897e63012fef4ea99dd35ec23229ca82d443'
[    0.959556] zswap: loaded using pool lzo/zbud
[    0.965449] Key type trusted registered
[    0.969716] Key type encrypted registered
[    0.970806] AppArmor: AppArmor sha1 policy hashing enabled
[    0.972062] ima: No TPM chip found, activating TPM-bypass!
[    0.973199] ima: Allocated hash algorithm: sha1
[    0.974257] evm: HMAC attrs: 0x1
[    0.975323]   Magic number: 0:53:786
[    0.976377] rtc_cmos rtc_cmos: setting system clock to 2020-04-06 13:47:24 UTC (1586180844)
[    0.978368] BIOS EDD facility v0.16 2004-Jun-25, 0 devices found
[    0.979671] EDD information not available.
[    1.258368] isapnp: No Plug & Play device found
[    1.259535] Freeing unused kernel memory: 936K
[    1.260724] Write protecting the kernel text: 8140k
[    1.261675] Write protecting the kernel read-only data: 3212k
[    1.262715] NX-protecting the kernel data: 6196k
Loading, please wait...
starting version 229
[    1.276242] random: systemd-udevd: uninitialized urandom read (16 bytes read, 0 bits of entropy available)
[    1.277088] random: udevadm: uninitialized urandom read (16 bytes read, 0 bits of entropy available)
[    1.279365] random: systemd-udevd: uninitialized urandom read (16 bytes read, 0 bits of entropy available)
[    1.281337] random: systemd-udevd: uninitialized urandom read (16 bytes read, 0 bits of entropy available)
[    1.288927] random: udevadm: uninitialized urandom read (16 bytes read, 0 bits of entropy available)
[    1.289637] random: systemd-udevd: uninitialized urandom read (16 bytes read, 0 bits of entropy available)
[    1.301591] random: udevadm: uninitialized urandom read (16 bytes read, 0 bits of entropy available)
[    1.303886] random: udevadm: uninitialized urandom read (16 bytes read, 0 bits of entropy available)
[    1.305987] random: udevadm: uninitialized urandom read (16 bytes read, 0 bits of entropy available)
[    1.308010] random: udevadm: uninitialized urandom read (16 bytes read, 0 bits of entropy available)
[    1.335594] e1000: Intel(R) PRO/1000 Network Driver - version 7.3.21-k8-NAPI
[    1.339806] e1000: Copyright (c) 1999-2006 Intel Corporation.
[    1.347621] Fusion MPT base driver 3.04.20
[    1.349782] Copyright (c) 1999-2008 LSI Corporation
[    1.370554] Fusion MPT SPI Host driver 3.04.20
[    1.595019] input: ImExPS/2 Generic Explorer Mouse as /devices/platform/i8042/serio1/input/input4
[    1.715256] e1000 0000:00:03.0 eth0: (PCI:33MHz:32-bit) 02:7e:ed:1f:65:f0
[    1.718773] e1000 0000:00:03.0 eth0: Intel(R) PRO/1000 Network Connection
[    1.723078] mptbase: ioc0: Initiating bringup
[    1.724325] e1000 0000:00:03.0 enp0s3: renamed from eth0
[    1.792055] ioc0: LSI53C1030 A0: Capabilities={Initiator}
[    1.957623] scsi host2: ioc0: LSI53C1030 A0, FwRev=00000000h, Ports=1, MaxQ=256, IRQ=20
[    2.077082] scsi 2:0:0:0: Direct-Access     VBOX     HARDDISK         1.0  PQ: 0 ANSI: 5
[    2.082527] scsi target2:0:0: Beginning Domain Validation
[    2.090547] scsi target2:0:0: Domain Validation skipping write tests
[    2.094537] scsi target2:0:0: Ending Domain Validation
[    2.097967] scsi target2:0:0: asynchronous
[    2.102136] scsi 2:0:1:0: Direct-Access     VBOX     HARDDISK         1.0  PQ: 0 ANSI: 5
[    2.106925] scsi target2:0:1: Beginning Domain Validation
[    2.111015] scsi target2:0:1: Domain Validation skipping write tests
[    2.112878] scsi target2:0:1: Ending Domain Validation
[    2.114455] scsi target2:0:1: asynchronous
[    2.125462] sd 2:0:0:0: Attached scsi generic sg0 type 0
[    2.127376] sd 2:0:0:0: [sda] 20971520 512-byte logical blocks: (10.7 GB/10.0 GiB)
[    2.130078] sd 2:0:1:0: [sdb] 20480 512-byte logical blocks: (10.5 MB/10.0 MiB)
[    2.130432] sd 2:0:1:0: Attached scsi generic sg1 type 0
[    2.130797] sd 2:0:0:0: [sda] Write Protect is off
[    2.130901] sd 2:0:0:0: [sda] Incomplete mode parameter data
[    2.130903] sd 2:0:0:0: [sda] Assuming drive cache: write through
[    2.135715] sd 2:0:1:0: [sdb] Write Protect is off
[    2.136637] sd 2:0:1:0: [sdb] Incomplete mode parameter data
[    2.137509] sd 2:0:1:0: [sdb] Assuming drive cache: write through
[    2.137980]  sda: sda1
[    2.138767] sd 2:0:0:0: [sda] Attached SCSI disk
[    2.142472] sd 2:0:1:0: [sdb] Attached SCSI disk
Begin: Loading essential drivers ... [    3.986837] md: linear personality registered for level -1
[    3.992384] md: multipath personality registered for level -4
[    3.998191] md: raid0 personality registered for level 0
[    4.005521] md: raid1 personality registered for level 1
[    4.079605] raid6: mmxx1    gen()  6138 MB/s
[    4.147605] raid6: mmxx2    gen()  6305 MB/s
[    4.215623] raid6: sse1x1   gen()  4294 MB/s
[    4.283611] raid6: sse1x2   gen()  6250 MB/s
[    4.351611] raid6: sse2x1   gen()  8765 MB/s
[    4.419610] raid6: sse2x1   xor()  7110 MB/s
[    4.487607] raid6: sse2x2   gen() 12701 MB/s
[    4.555610] raid6: sse2x2   xor()  9037 MB/s
[    4.623602] raid6: avx2x1   gen() 21754 MB/s
[    4.691605] raid6: avx2x2   gen() 23557 MB/s
[    4.692539] raid6: using algorithm avx2x2 gen() 23557 MB/s
[    4.693564] raid6: using avx2x1 recovery algorithm
[    4.698561] xor: automatically using best checksumming function:
[    4.735596]    avx       : 23780.000 MB/sec
[    4.739695] async_tx: api initialized (async)
[    4.764430] md: raid6 personality registered for level 6
[    4.765578] md: raid5 personality registered for level 5
[    4.766636] md: raid4 personality registered for level 4
[    4.784320] md: raid10 personality registered for level 10
done.
Begin: Running /scripts/init-premount ... done.
Begin: Mounting root file system ... Begin: Running /scripts/local-top ... done.
Begin: Running /scripts/local-premount ... [    4.832959] Btrfs loaded
Scanning for Btrfs filesystems
done.
Warning: fsck not present, so skipping root file system
[    4.867401] EXT4-fs (sda1): mounted filesystem with ordered data mode. Opts: (null)
done.
Begin: Running /scripts/local-bottom ... done.
Begin: Running /scripts/init-bottom ... done.
[    4.972681] systemd[1]: systemd 229 running in system mode. (+PAM +AUDIT +SELINUX +IMA +APPARMOR +SMACK +SYSVINIT +UTMP +LIBCRYPTSETUP +GCRYPT +GNUTLS +ACL +XZ -LZ4 +SECCOMP +BLKID +ELFUTILS +KMOD -IDN)
[    4.976433] systemd[1]: Detected virtualization oracle.
[    4.977714] systemd[1]: Detected architecture x86.

Welcome to [1mUbuntu 16.04.6 LTS[0m!

[    4.981380] systemd[1]: Set hostname to <ubuntu>.
[    4.983933] systemd[1]: Initializing machine ID from random generator.
[    4.985290] systemd[1]: Installed transient /etc/machine-id file.
[    5.144684] systemd[1]: Started Forward Password Requests to Wall Directory Watch.
[[0;32m  OK  [0m] Started Forward Password Requests to Wall Directory Watch.
[    5.147785] systemd[1]: Set up automount Arbitrary Executable File Formats File System Automount Point.
[[0;32m  OK  [0m] Set up automount Arbitrary Executab...ats File System Automount Point.
[    5.151101] systemd[1]: Reached target User and Group Name Lookups.
[[0;32m  OK  [0m] Reached target User and Group Name Lookups.
[    5.153530] systemd[1]: Started Trigger resolvconf update for networkd DNS.
[[0;32m  OK  [0m] Started Trigger resolvconf update for networkd DNS.
[    5.156121] systemd[1]: Listening on Device-mapper event daemon FIFOs.
[[0;32m  OK  [0m] Listening on Device-mapper event daemon FIFOs.
[    5.158572] systemd[1]: Listening on LVM2 metadata daemon socket.
[[0;32m  OK  [0m] Listening on LVM2 metadata daemon socket.
[    5.160943] systemd[1]: Reached target System Time Synchronized.
[[0;32m  OK  [0m] Reached target System Time Synchronized.
[    5.163239] systemd[1]: Listening on /dev/initctl Compatibility Named Pipe.
[[0;32m  OK  [0m] Listening on /dev/initctl Compatibility Named Pipe.
[    5.165861] systemd[1]: Reached target Encrypted Volumes.
[[0;32m  OK  [0m] Reached target Encrypted Volumes.
[    5.168055] systemd[1]: Listening on Journal Socket (/dev/log).
[[0;32m  OK  [0m] Listening on Journal Socket (/dev/log).
[    5.170740] systemd[1]: Created slice System Slice.
[[0;32m  OK  [0m] Created slice System Slice.
[    5.173126] systemd[1]: Created slice system-serial\x2dgetty.slice.
[[0;32m  OK  [0m] Created slice system-serial\x2dgetty.slice.
[    5.175533] systemd[1]: Listening on LVM2 poll daemon socket.
[[0;32m  OK  [0m] Listening on LVM2 poll daemon socket.
[    5.177862] systemd[1]: Listening on udev Control Socket.
[[0;32m  OK  [0m] Listening on udev Control Socket.
[    5.180336] systemd[1]: Created slice User and Session Slice.
[[0;32m  OK  [0m] Created slice User and Session Slice.
[    5.182572] systemd[1]: Reached target Slices.
[[0;32m  OK  [0m] Reached target Slices.
[    5.184573] systemd[1]: Listening on udev Kernel Socket.
[[0;32m  OK  [0m] Listening on udev Kernel Socket.
[    5.186651] systemd[1]: Reached target Swap.
[[0;32m  OK  [0m] Reached target Swap.
[    5.188585] systemd[1]: Listening on Journal Socket.
[[0;32m  OK  [0m] Listening on Journal Socket.
[    5.203971] systemd[1]: Starting Remount Root and Kernel File Systems...
         Starting Remount Root and Kernel File Systems...
[    5.206951] systemd[1]: Mounting Debug File System...
         Mounting Debug File System...
[    5.209627] systemd[1]: Starting Nameserver information manager...
         Starting Nameserver information manager...
[    5.212842] systemd[1]: Starting Uncomplicated firewall...
[    5.214786] EXT4-fs (sda1): re-mounted. Opts: (null)
         Starting Uncomplicated firewall...
[    5.218252] systemd[1]: Starting Create list of required static device nodes for the current kernel...
         Starting Create list of required st... nodes for the current kernel...
[    5.223136] systemd[1]: Starting Load Kernel Modules...
         Starting Load Kernel Modules...
[    5.225792] systemd[1]: Mounting POSIX Message Queue File System...
         Mounting POSIX Message Queue File System...
[    5.228528] systemd[1]: Starting Set console keymap...
         Starting Set console keymap...
[    5.231050] systemd[1]: Mounting Huge Pages File System...
         Mounting Huge Pages File System...
[    5.234962] systemd[1]: Listening on Journal Audit Socket.
[[0;32m  OK  [0m] Listening on Journal Audit Socket.
[    5.237383] systemd[1]: Listening on Syslog Socket.
[[0;32m  OK  [0m] Listening on Syslog Socket.
[    5.244491] systemd[1]: Starting Journal Service...
[    5.246063] Loading iSCSI transport class v2.0-870.
         Starting Journal Service...
[    5.248378] systemd[1]: Starting Monitoring of LVM2 mirrors, snapshots etc. using dmeventd or progress polling...
         Starting Monitoring of LVM2 mirrors... dmeventd or progress polling...
[    5.255066] systemd[1]: Mounted Huge Pages File System.
[[0;32m  OK  [0m] Mounted Huge Pages File System.
[    5.257831] systemd[1]: Mounted Debug File System.
[[0;32m  OK  [0m] Mounted Debug File System.
[    5.267931] systemd[1]: Mounted POSIX Message Queue File System.
[[0;32m  OK  [0m] Mounted POSIX Message Queue File System.
[    5.270996] systemd[1]: Started Remount Root and Kernel File Systems.
[[0;32m  OK  [0m] Started Remount Root and Kernel File Systems.
[    5.277008] systemd[1]: Started Uncomplicated firewall.
[[0;32m  OK  [0m] Started Uncomplicated firewall.
[    5.280213] systemd[1]: Started Create list of required static device nodes for the current kernel.
[[0;32m  OK  [0m] Started Create list of required sta...ce nodes for the current kernel.
[    5.286352] systemd[1]: Started Nameserver information manager.
[[0;32m  OK  [0m] Started Nameserver information manager.
[    5.291032] iscsi: registered transport (tcp)
[    5.293848] systemd[1]: Started LVM2 metadata daemon.
[[0;32m  OK  [0m] Started LVM2 metadata daemon.
[    5.315900] systemd[1]: Starting Create Static Device Nodes in /dev...
         Starting Create Static Device Nodes in /dev...
[    5.321427] systemd[1]: Starting udev Coldplug all Devices...
         Starting udev Coldplug all Devices...
[    5.332972] systemd[1]: Starting Load/Save Random Seed...
         Starting Load/Save Random Seed...
[    5.335985] systemd[1]: Started Journal Service.
[[0;32m  OK  [0m] Started Journal Service.
[[0;32m  OK  [0m] Started Set console keymap.
[    5.361581] iscsi: registered transport (iser)
[[0;32m  OK  [0m] Started Load Kernel Modules.
[[0;32m  OK  [0m] Started Create Static Device Nodes in /dev.
[[0;32m  OK  [0m] Started Load/Save Random Seed.
         Starting udev Kernel Device Manager...
         Starting Apply Kernel Variables...
         Mounting FUSE Control File System...
         Starting Flush Journal to Persistent Storage...
[[0;32m  OK  [0m] Started Apply Kernel Variables.
[[0;32m  OK  [0m] Mounted FUSE Control File System.
[[0;32m  OK  [0m] Started Flush Journal to Persistent Storage.
[[0;32m  OK  [0m] Started udev Kernel Device Manager.
[[0;32m  OK  [0m] Started udev Coldplug all Devices.
[[0;32m  OK  [0m] Started Dispatch Password Requests to Console Directory Watch.
[[0;32m  OK  [0m] Found device /dev/ttyS0.
[[0;32m  OK  [0m] Listening on Load/Save RF Kill Switch Status /dev/rfkill Watch.
[[0;32m  OK  [0m] Started Monitoring of LVM2 mirrors,...ng dmeventd or progress polling.
[[0;32m  OK  [0m] Reached target Local File Systems (Pre).
[[0;32m  OK  [0m] Reached target Local File Systems.
         Starting Commit a transient machine-id on disk...
         Starting LSB: AppArmor initialization...
         Starting Set console font and keymap...
         Starting Initial cloud-init job (pre-networking)...
         Starting Create Volatile Files and Directories...
         Starting Tell Plymouth To Write Out Runtime Data...
[[0;32m  OK  [0m] Started Commit a transient machine-id on disk.
[[0;32m  OK  [0m] Started Create Volatile Files and Directories.
         Starting Update UTMP about System Boot/Shutdown...
[[0;32m  OK  [0m] Started Tell Plymouth To Write Out Runtime Data.
[[0;32m  OK  [0m] Started Update UTMP about System Boot/Shutdown.
[[0;32m  OK  [0m] Started Set console font and keymap.
[[0;32m  OK  [0m] Created slice system-getty.slice.
[[0;32m  OK  [0m] Started LSB: AppArmor initialization.
[    6.889973] cloud-init[618]: Cloud-init v. 19.4-33-gbb4131a2-0ubuntu1~16.04.1 running 'init-local' at Mon, 06 Apr 2020 13:47:30 +0000. Up 6.57 seconds.
[[0;32m  OK  [0m] Started Initial cloud-init job (pre-networking).
[[0;32m  OK  [0m] Reached target Network (Pre).
         Starting Raise network interfaces...
[[0;32m  OK  [0m] Started Raise network interfaces.
         Starting Initial cloud-init job (metadata service crawler)...
[[0;32m  OK  [0m] Reached target Network.
[    8.711064] cloud-init[948]: Cloud-init v. 19.4-33-gbb4131a2-0ubuntu1~16.04.1 running 'init' at Mon, 06 Apr 2020 13:47:31 +0000. Up 7.45 seconds.
[    8.712907] cloud-init[948]: ci-info: ++++++++++++++++++++++++++++++++++++++Net device info++++++++++++++++++++++++++++++++++++++
[    8.714542] cloud-init[948]: ci-info: +--------+------+----------------------------+---------------+--------+-------------------+
[    8.716370] cloud-init[948]: ci-info: | Device |  Up  |          Address           |      Mask     | Scope  |     Hw-Address    |
[    8.718034] cloud-init[948]: ci-info: +--------+------+----------------------------+---------------+--------+-------------------+
[    8.719792] cloud-init[948]: ci-info: | enp0s3 | True |         10.0.2.15          | 255.255.255.0 | global | 02:7e:ed:1f:65:f0 |
[    8.721475] cloud-init[948]: ci-info: | enp0s3 | True | fe80::7e:edff:fe1f:65f0/64 |       .       |  link  | 02:7e:ed:1f:65:f0 |
[    8.723235] cloud-init[948]: ci-info: |   lo   | True |         127.0.0.1          |   255.0.0.0   |  host  |         .         |
[    8.724913] cloud-init[948]: ci-info: |   lo   | True |          ::1/128           |       .       |  host  |         .         |
[    8.726650] cloud-init[948]: ci-info: +--------+------+----------------------------+---------------+--------+-------------------+
[    8.728340] cloud-init[948]: ci-info: +++++++++++++++++++++++++++Route IPv4 info++++++++++++++++++++++++++++
[    8.729859] cloud-init[948]: ci-info: +-------+-------------+----------+---------------+-----------+-------+
[    8.731357] cloud-init[948]: ci-info: | Route | Destination | Gateway  |    Genmask    | Interface | Flags |
[    8.736404] cloud-init[948]: ci-info: +-------+-------------+----------+---------------+-----------+-------+
[    8.737753] cloud-init[948]: ci-info: |   0   |   0.0.0.0   | 10.0.2.2 |    0.0.0.0    |   enp0s3  |   UG  |
[    8.739233] cloud-init[948]: ci-info: |   1   |   10.0.2.0  | 0.0.0.0  | 255.255.255.0 |   enp0s3  |   U   |
[    8.740758] cloud-init[948]: ci-info: +-------+-------------+----------+---------------+-----------+-------+
[    8.742142] cloud-init[948]: ci-info: +++++++++++++++++++Route IPv6 info+++++++++++++++++++
[    8.743525] cloud-init[948]: ci-info: +-------+-------------+---------+-----------+-------+
[    8.744898] cloud-init[948]: ci-info: | Route | Destination | Gateway | Interface | Flags |
[    8.746294] cloud-init[948]: ci-info: +-------+-------------+---------+-----------+-------+
[    8.747584] cloud-init[948]: ci-info: |   0   |  fe80::/64  |    ::   |   enp0s3  |   U   |
[    8.748966] cloud-init[948]: ci-info: |   3   |   ff00::/8  |    ::   |   enp0s3  |   U   |
[    8.750223] cloud-init[948]: ci-info: +-------+-------------+---------+-----------+-------+
[    8.751544] cloud-init[948]: Generating public/private rsa key pair.
[    8.752746] cloud-init[948]: Your identification has been saved in /etc/ssh/ssh_host_rsa_key.
[    8.754037] cloud-init[948]: Your public key has been saved in /etc/ssh/ssh_host_rsa_key.pub.
[    8.755373] cloud-init[948]: The key fingerprint is:
[    8.756398] cloud-init[948]: SHA256:GrHUnsmlJf5RXSuOXA3NuP1zdI87mtLyvfSNcBIoQL0 root@ubuntu-xenial
[    8.757782] cloud-init[948]: The key's randomart image is:
[    8.758753] cloud-init[948]: +---[RSA 2048]----+
[    8.759760] cloud-init[948]: |      ..     .+ .|
[    8.760750] cloud-init[948]: |     . ..    oo+.|
[    8.761716] cloud-init[948]: |      + o.o .o+o |
[    8.762763] cloud-init[948]: |     . BEB.o+...o|
[    8.763706] cloud-init[948]: |      o S oo.. o+|
[    8.764664] cloud-init[948]: |       o o . ...+|
[    8.765602] cloud-init[948]: |      .   ..o o.o|
[    8.766648] cloud-init[948]: |          o .Boo.|
[    8.767592] cloud-init[948]: |           ++.+oo|
[    8.768593] cloud-init[948]: +----[SHA256]-----+
[    8.769598] cloud-init[948]: Generating public/private dsa key pair.
[    8.770663] cloud-init[948]: Your identification has been saved in /etc/ssh/ssh_host_dsa_key.
[    8.771883] cloud-init[948]: Your public key has been saved in /etc/ssh/ssh_host_dsa_key.pub.
[    8.773168] cloud-init[948]: The key fingerprint is:
[    8.774118] cloud-init[948]: SHA256:LPmDmwZUsVJEZheX5LlGgu9etjc04eJrlk1f9GIr4Fs root@ubuntu-xenial[[0;32m  OK  [0m] Started Initial cloud-init job (metadata service crawler).
[[0;32m  OK  [0m] Reached target System Initialization.

[    8.776726] cloud-init[948]: The key's randomart image is:
[    8.777635] cloud-init[948]: +---[DSA 1024]----+
[    8.778472] cloud-init[948]: |     oB.ooo.     |
[    8.779297] cloud-init[948]: |     +.+ o..     |
[    8.780205] cloud-init[948]: |    ..o . +      |
[    8.781046] cloud-init[948]: |    .. + o ..   .|
[    8.781880] cloud-init[948]: |   .  o S o. . ..|         Starting LXD - unix socket.
[[0;32m  OK  [0m] Started Daily apt download activities.
         Starting Socket activation for snappy daemon.
[[0;32m  OK  [0m] Listening on ACPID Listen Socket.
[[0;32m  OK  [0m] Started Daily Cleanup of Temporary Directories.

[    8.785180] [[0;32m  OK  [0m] Started ACPI Events Check.
[[0;32m  OK  [0m] Reached target Paths.
[[0;32m  OK  [0m] Listening on UUID daemon activation socket.
[[0;32m  OK  [0m] Started Daily apt upgrade and clean activities.
[[0;32m  OK  [0m] Listening on D-Bus System Message Bus Socket.
[[0;32m  OK  [0m] Started Message of the Day.
[[0;32m  OK  [0m] Reached target Timers.
[[0;32m  OK  [0m] Reached target Cloud-config availability.
[[0;32m  OK  [0m] Reached target Network is Online.
cloud-init[948]: |    .  = .o = o o|
[    8.790714] cloud-init[948]: |     .. +ooBE+ + |
[    8.792096] cloud-init[948]: |      .+ +*o= o  |
[    8.793210] cloud-init[948]: |     .o .o++ o   |
[    8.793878] cloud-init[948]: +----[SHA256]-----+
[    8.794472] cloud-init[948]: Generating public/private ecdsa key pair.
[    8.795224] cloud-init[948]: Your identification has been saved in /etc/ssh/ssh_host_ecdsa_key.
[    8.796170] cloud-init[948]: Your public key has been saved in /etc/ssh/ssh_host_ecdsa_key.pub.
[    8.797052] cloud-init[948]: The key fingerprint is:
[    8.797723] cloud-init[948]: SHA256:g4D7qWNWvOO2zfY3tEpucJ9vYvdXahnyUWnELEuwsD0 root@ubuntu-xenial
[    8.798647] cloud-init[948]: The key's randomart image is:
[    8.799323] cloud-init[948]: +---[ECDSA 256]---+
[    8.799982] cloud-init[948]: |         . .. o  |
[    8.800656] cloud-init[948]: |   .      + .o + |
[    8.801309] cloud-init[948]: |  . .    . E. + .|
[    8.801965] cloud-init[948]: |   . . .    .. o.|
[    8.802627] cloud-init[948]: |  ..  . S     .. |
[    8.803300] cloud-init[948]: |   .o.. ... . o .|
[    8.803952]          Starting iSCSI initiator daemon (iscsid)...
cloud-init[948]: |   .o. o.o o o =.|
[    8.805306] [[0;32m  OK  [0m] Listening on LXD - unix socket.
[[0;32m  OK  [0m] Listening on Socket activation for snappy daemon.
[[0;32m  OK  [0m] Reached target Sockets.
[[0;32m  OK  [0m] Reached target Basic System.
cloud-init[948]: |  +.+o.o. O o = .|
[    8.807926] cloud-init[948]: | o.+o+oo++ *.o.. |
[    8.810750] cloud-init[948]: +----[SHA256]-----+
[    8.811871] cloud-init[948]: Generating public/private ed25519 key pair.
         Starting Pollinate to seed the pseudo random number generator...
         Starting LSB: MD monitoring daemon...
[[0;32m  OK  [0m] Started Deferred execution scheduler.
         Starting Login Service...
         Starting Accounts Service...
         Starting LXD - container startup/shutdown...
[    8.815500] cloud-init[948]: Your identification has been saved in /etc/ssh/ssh_host_ed25519_key.
         Starting Virtualbox guest utils...
         Starting LSB: Record successful boot for GRUB...
         Starting System Logging Service...
[[0;32m  OK  [0m] Started Regular background program processing daemon.
[[0;32m  OK  [0m] Started ACPI event daemon.
[[0;32m  OK  [0m] Started FUSE filesystem for LXC.
[[0;32m  OK  [0m] Started D-Bus System Message Bus.
[    8.834023] cloud-init[948]: Your public key has been saved in /etc/ssh/ssh_host_ed25519_key.pub.
[    8.857930] cloud-init[948]: The key fingerprint is:
[    8.859391] cloud-init[948]: SHA256:UipofcueY0jz2HSprfWzGx7ctvafKI/Qy+jMWEYG9X0 root@ubuntu-xenial
[    8.868588] cloud-init[948]: The key's randomart image is:
[    8.870263] cloud-init[948]: +--[ED25519 256]--+
[    8.872200] cloud-init[948]: |         .       |
[    8.873565] cloud-init[948]: |        . . .    |
[    8.877039] cloud-init[948]: |       ..  . . E |
[    8.878842] cloud-init[948]: |   o   o.     .  |
[    8.880987] cloud-init[948]: |  o o + S+       |
[    8.888255] cloud-init[948]: | .  o+.o=...     |
[    8.888980] cloud-init[948]: |   . Bo+.++.o    |
[    8.889964] cloud-init[948]: |    o.*oBo==+.. .|
[    8.891378] cloud-init[948]: |     .++.==O++.o.|
[    8.893144] cloud-init[948]: +----[SHA256]-----+
         Starting Snappy daemon...
         Starting /etc/rc.local Compatibility...
[[0;32m  OK  [0m] Started System Logging Service.
[[0;32m  OK  [0m] Started /etc/rc.local Compatibility.
[[0;32m  OK  [0m] Started iSCSI initiator daemon (iscsid).
         Starting Login to default iSCSI targets...
         Starting Authenticate and Authorize Users to Run Privileged Tasks...
[[0;32m  OK  [0m] Started Login Service.
[[0;32m  OK  [0m] Started Unattended Upgrades Shutdown.
[[0;32m  OK  [0m] Started LSB: Record successful boot for GRUB.
[[0;32m  OK  [0m] Started LSB: MD monitoring daemon.
[[0;32m  OK  [0m] Started Login to default iSCSI targets.
[[0;32m  OK  [0m] Reached target Remote File Systems (Pre).
[[0;32m  OK  [0m] Reached target Remote File Systems.
         Starting LSB: daemon to balance interrupts for SMP systems...
         Starting LSB: automatic crash report generation...
         Starting Permit User Sessions...
         Starting LSB: Set the CPU Frequency Scaling governor to "ondemand"...
[[0;32m  OK  [0m] Started LXD - container startup/shutdown.
[[0;32m  OK  [0m] Started Permit User Sessions.
         Starting Terminate Plymouth Boot Screen...
         Starting Hold until boot process finishes up...
[[0;32m  OK  [0m] Started LSB: Set the CPU Frequency Scaling governor to "ondemand".
[[0;32m  OK  [0m] Started Terminate Plymouth Boot Screen.
[[0;32m  OK  [0m] Started Hold until boot process finishes up.
[[0;32m  OK  [0m] Started Authenticate and Authorize Users to Run Privileged Tasks.
[[0;32m  OK  [0m] Started Accounts Service.
         Starting Set console scheme...
[[0;32m  OK  [0m] Started Getty on tty1.
[[0;32m  OK  [0m] Started Serial Getty on ttyS0.
[[0;32m  OK  [0m] Reached target Login Prompts.
[[0;32m  OK  [0m] Started LSB: automatic crash report generation.
[[0;32m  OK  [0m] Started Set console scheme.
[[0;32m  OK  [0m] Started LSB: daemon to balance interrupts for SMP systems.
[[0;32m  OK  [0m] Started Virtualbox guest utils.
[[0;32m  OK  [0m] Started Snappy daemon.
         Starting Wait until snapd is fully seeded...
[[0;32m  OK  [0m] Started Pollinate to seed the pseudo random number generator.
         Starting OpenBSD Secure Shell server...
[[0;32m  OK  [0m] Started OpenBSD Secure Shell server.
[[0;32m  OK  [0m] Started Wait until snapd is fully seeded.
[[0;32m  OK  [0m] Reached target Multi-User System.
[[0;32m  OK  [0m] Reached target Graphical Interface.
         Starting Update UTMP about System Runlevel Changes...
         Starting Apply the settings specified in cloud-config...
[[0;32m  OK  [0m] Started Update UTMP about System Runlevel Changes.
[[0;32m  OK  [0m] Created slice User Slice of vagrant.
         Starting User Manager for UID 1000...
[[0;32m  OK  [0m] Started Session 1 of user vagrant.
[[0;32m  OK  [0m] Started User Manager for UID 1000.
[   12.860881] cloud-init[1307]: Generating locales (this might take a while)...
[   13.743843] cloud-init[1307]:   en_US.UTF-8... done
[   13.746179] cloud-init[1307]: Generation complete.
[   14.156322] cloud-init[1307]: Cloud-init v. 19.4-33-gbb4131a2-0ubuntu1~16.04.1 running 'modules:config' at Mon, 06 Apr 2020 13:47:36 +0000. Up 12.71 seconds.
ci-info: no authorized SSH keys fingerprints found for user ubuntu.
<14>Apr  6 13:47:38 ec2: 
<14>Apr  6 13:47:38 ec2: #############################################################
<14>Apr  6 13:47:38 ec2: -----BEGIN SSH HOST KEY FINGERPRINTS-----
<14>Apr  6 13:47:38 ec2: 1024 SHA256:LPmDmwZUsVJEZheX5LlGgu9etjc04eJrlk1f9GIr4Fs root@ubuntu-xenial (DSA)
<14>Apr  6 13:47:38 ec2: 256 SHA256:g4D7qWNWvOO2zfY3tEpucJ9vYvdXahnyUWnELEuwsD0 root@ubuntu-xenial (ECDSA)
<14>Apr  6 13:47:38 ec2: 256 SHA256:UipofcueY0jz2HSprfWzGx7ctvafKI/Qy+jMWEYG9X0 root@ubuntu-xenial (ED25519)
<14>Apr  6 13:47:38 ec2: 2048 SHA256:GrHUnsmlJf5RXSuOXA3NuP1zdI87mtLyvfSNcBIoQL0 root@ubuntu-xenial (RSA)
<14>Apr  6 13:47:38 ec2: -----END SSH HOST KEY FINGERPRINTS-----
<14>Apr  6 13:47:38 ec2: #############################################################
-----BEGIN SSH HOST KEY KEYS-----
ecdsa-sha2-nistp256 AAAAE2VjZHNhLXNoYTItbmlzdHAyNTYAAAAIbmlzdHAyNTYAAABBBP0nXTZMgY7orJOyiTN0QH7YKVbMjOYBWvVBcmxnIZii9lPaKsdmthVLP4w/ESCHKeZMixltzC40OBd3WMp0Hhg= root@ubuntu-xenial
ssh-ed25519 AAAAC3NzaC1lZDI1NTE5AAAAIIUILPPuYkzWmiq1VaaTmM0eWi5cXNf/MgB1OtQuU36m root@ubuntu-xenial
ssh-rsa AAAAB3NzaC1yc2EAAAADAQABAAABAQCzq1FSH3GJNwnV/zLOlb2FUT51UJNVW6JK5IRUUqCbHHCkjzlZWIuLvJwbXUC6KpdlezTjjeBHs2IbJvXprxzgj9UcuJVCdzf/ZHQHef76xs7E97W58yQFBZrtxLo02fgWeGS/A6wIg2kXrvPKQhz4MwHwIgYULl1OCbHQetZ9qJm+6vpCphR0CyxBDK4ML8kxGWczq3AZYmjmAr+5q2oSbqnSfEvNDDqBTRku8y4sGAoayOyzXr+3D3Z3sRCL5a5/TIgIbLPVv1ErYTdR7M0Y32XcXv+WS0YD/7SpChfIVRRasRPsXTNJvWpfABkXIh9ld5FsOys9tSSW4efW1EpL root@ubuntu-xenial
-----END SSH HOST KEY KEYS-----
[   14.677698] cloud-init[1442]: Cloud-init v. 19.4-33-gbb4131a2-0ubuntu1~16.04.1 running 'modules:final' at Mon, 06 Apr 2020 13:47:38 +0000. Up 14.52 seconds.
[   14.678029] cloud-init[1442]: ci-info: no authorized SSH keys fingerprints found for user ubuntu.
[   14.678245] cloud-init[1442]: Cloud-init v. 19.4-33-gbb4131a2-0ubuntu1~16.04.1 finished at Mon, 06 Apr 2020 13:47:38 +0000. Datasource DataSourceNoCloud [seed=/dev/sdb][dsmode=net].  Up 14.67 seconds

Ubuntu 16.04.6 LTS ubuntu-xenial ttyS0

ubuntu-xenial login: 